app/proguard-rules.pro
# Add project specific ProGuard rules here.
# By default, the flags in this file are appended to flags specified
# in C:\Users\logto_000\AppData\Local\Android\Sdk/tools/proguard/proguard-android.txt
# You can edit the include path and order by changing the proguardFiles
# directive in build.gradle.
#
# For more details, see
#   http://developer.android.com/guide/developing/tools/proguard.html

# Add any project specific keep options here:

# If your project uses WebView with JS, uncomment the following
# and specify the fully qualified class name to the JavaScript interface
# class:
#-keepclassmembers class fqcn.of.javascript.interface.for.webview {
#   public *;
#}

# Uncomment this to preserve the line number information for
# debugging stack traces.
#-keepattributes SourceFile,LineNumberTable

# If you keep the line number information, uncomment this to
# hide the original source file name.
#-renamesourcefileattribute SourceFile
-keepattributes Signature
-keepattributes *Annotation*
-keep class dmax.dialog.** {
    *;
}
-keep public class * implements com.bumptech.glide.module.GlideModule
-keep public class * extends com.bumptech.glide.module.AppGlideModule
-keep public enum com.bumptech.glide.load.ImageHeaderParser$** {
  **[] $VALUES;
  public *;
}
-dontwarn java.nio.file.Files
-dontwarn java.nio.file.Path
-dontwarn java.nio.file.OpenOption

-dontusemixedcaseclassnames
-dontskipnonpubliclibraryclasses
-verbose
# Optimization is turned off by default. Dex does not like code run # through the ProGuard optimize and preverify steps (and performs #some of these optimizations on its own).
-optimizations !code/simplification/arithmetic,!code/simplification/cast,!field/*,!class/merging/*
-optimizations !method/inlining/*
-optimizationpasses 5
-dump class_files.txt
-printseeds seeds.txt
-printusage unused.txt
-printmapping mapping.txt
#to eliminate risk of class to rename all classes
-allowaccessmodification
-repackageclasses uk.co.depotnetoptions.sse
-allowaccessmodification
-keep public class * extends android.app.Activity
-keep public class * extends android.app.Application
-keep public class * extends android.app.MapActivity
-keep public class * extends android.app.Service
-keep public class * extends android.content.BroadcastReceiver
-keep public class * extends android.content.ContentProvider

# Note that you cannot just include these flags in your own
# configuration file; if you are including this file, optimization
# will be turned off. You'll need to either edit this file, or
# duplicate the contents of this file and remove the include of this
# file from your project's proguard.config path property.
-keep public class * extends android.app.backup.BackupAgent
-keep public class * extends android.preference.Preference
-keep public class * extends android.support.v4.app.Fragment
-keep public class * extends android.support.v4.app.DialogFragment
-keep public class * extends android.app.Fragment
-keep public class com.android.vending.licensing.ILicensingService
#For native methods, see #http://proguard.sourceforge.net/manual/examples.html

-keep public class * extends android.view.View {
public <init>(android.content.Context);
public <init>(android.content.Context, android.util.AttributeSet); public <init>(android.content.Context, android.util.AttributeSet, int);
public void set*(...);
}
-keepclasseswithmembernames class * {
    native <methods>;
}

-keepclasseswithmembernames class * {
    public <init>(android.content.Context, android.util.AttributeSet);
}

-keepclasseswithmembernames class * {
    public <init>(android.content.Context, android.util.AttributeSet, int);
}

-keepclassmembers enum * {
    public static **[] values();
    public static ** valueOf(java.lang.String);
}

-keep class * implements android.os.Parcelable {
  public static final android.os.Parcelable$Creator *;
}
-keepclassmembers class *.R$ {
public static <fields>;
}
#-keep class androidx.legacy:legacy-support-v4.app.* { ; }
#-keep interface androidx.legacy:legacy-support-v4.app.* { ; }

#The support library contains references to newer platform versions.
#Don't warn about those in case this app is linking against an older
#platform version. We know about them, and they are safe.
#-dontwarn android.support.**

-keepattributes JavascriptInterface
# This rule will properly ProGuard all the model classes in
# the package com.yourcompany.models. Modify to fit the structure
# of your app.
-keepclassmembers class com.abhikr.abhikr.model.** {
     *;
}