app/seeds.txt
com.abhikr.abhikr.R$styleable: int GradientColor_android_gradientRadius
com.abhikr.abhikr.R$styleable: int TextInputLayout_endIconMode
com.abhikr.abhikr.R$styleable: int MotionHelper_onShow
com.abhikr.abhikr.R$styleable: int ConstraintSet_android_rotation
com.abhikr.abhikr.R$styleable: int MenuGroup_android_id
com.abhikr.abhikr.R$styleable: int Layout_layout_goneMarginStart
com.abhikr.abhikr.model.Message: java.lang.String text
com.abhikr.abhikr.R$styleable: int NavigationView_itemShapeAppearance
com.abhikr.abhikr.R$styleable: int KeyCycle_waveVariesBy
com.abhikr.abhikr.R$styleable: int ConstraintSet_layout_constraintWidth_default
com.abhikr.abhikr.R$styleable: int AppCompatTheme_selectableItemBackgroundBorderless
com.abhikr.abhikr.R$styleable: int Constraint_layout_constraintTop_toBottomOf
com.abhikr.abhikr.R$styleable: int ConstraintSet_android_minHeight
com.abhikr.abhikr.R$styleable: int[] OnSwipe
com.abhikr.abhikr.R$styleable: int ConstraintLayout_Layout_layout_goneMarginBottom
com.abhikr.abhikr.R$styleable: int[] KeyFramesAcceleration
com.abhikr.abhikr.R$styleable: int Constraint_visibilityMode
com.abhikr.abhikr.R$styleable: int ConstraintLayout_Layout_flow_wrapMode
com.abhikr.abhikr.R$styleable: int KeyAttribute_motionTarget
com.abhikr.abhikr.R$styleable: int ConstraintLayout_Layout_android_paddingLeft
com.abhikr.abhikr.R$styleable: int ConstraintSet_android_id
com.abhikr.abhikr.R$styleable: int MenuItem_android_visible
com.abhikr.abhikr.R$styleable: int TextAppearance_android_textColorLink
com.abhikr.abhikr.R$styleable: int MaterialRadioButton_useMaterialThemeColors
com.abhikr.abhikr.R$styleable: int ConstraintSet_flow_verticalBias
com.abhikr.abhikr.R$styleable: int AppCompatTheme_actionModeSelectAllDrawable
com.abhikr.abhikr.R$styleable: int Chip_closeIconStartPadding
com.abhikr.abhikr.R$styleable: int[] CoordinatorLayout_Layout
com.abhikr.abhikr.R$styleable: int Transition_motionInterpolator
com.abhikr.abhikr.R$styleable: int MenuView_android_itemIconDisabledAlpha
com.abhikr.abhikr.R$styleable: int TextInputLayout_errorIconTintMode
com.abhikr.abhikr.R$styleable: int Layout_layout_constraintTop_toBottomOf
com.abhikr.abhikr.R$styleable: int[] AnimatedStateListDrawableItem
com.abhikr.abhikr.R$styleable: int Transform_pivotY
com.abhikr.abhikr.R$styleable: int GradientColor_android_centerColor
com.abhikr.abhikr.R$styleable: int AppCompatTheme_listChoiceIndicatorMultipleAnimated
com.abhikr.abhikr.R$styleable: int OnSwipe_touchAnchorSide
com.abhikr.abhikr.R$styleable: int LinearLayoutCompat_android_gravity
com.abhikr.abhikr.ui.LoginActivity
com.abhikr.abhikr.R$styleable: int AppCompatTheme_colorPrimary
com.abhikr.abhikr.R$styleable: int BottomAppBar_fabCradleRoundedCornerRadius
com.abhikr.abhikr.R$styleable: int ConstraintSet_layout_constraintHeight_percent
com.abhikr.abhikr.R$styleable: int KeyTimeCycle_waveShape
com.abhikr.abhikr.R$styleable: int ChipGroup_chipSpacingVertical
com.abhikr.abhikr.R$styleable: int Layout_layout_editor_absoluteX
com.abhikr.abhikr.R$styleable: int Constraint_layout_constraintHeight_max
com.abhikr.abhikr.R$styleable: int Constraint_android_layout_marginEnd
com.abhikr.abhikr.R$styleable: int MaterialAlertDialogTheme_materialAlertDialogBodyTextStyle
com.abhikr.abhikr.R$styleable: int Constraint_flow_firstHorizontalStyle
com.abhikr.abhikr.model.Configuration: int getIcon()
com.abhikr.abhikr.ExpandableLayout: void setOrientation(int)
com.abhikr.abhikr.R$styleable: int CollapsingToolbarLayout_Layout_layout_collapseParallaxMultiplier
com.abhikr.abhikr.R$styleable: int[] ExtendedFloatingActionButton_Behavior_Layout
com.abhikr.abhikr.R$styleable: int CustomAttribute_customStringValue
com.abhikr.abhikr.R$styleable: int TextInputLayout_passwordToggleTint
com.abhikr.abhikr.R$styleable: int ConstraintSet_flow_verticalStyle
com.abhikr.abhikr.R$styleable: int NavigationView_android_fitsSystemWindows
com.abhikr.abhikr.R$styleable: int Layout_layout_constraintWidth_default
...
com.google.android.material.button.MaterialButton: void setIcon(android.graphics.drawable.Drawable)
com.yarolegovich.slidingrootnav.R$id: int italic
dmax.dialog.SpotsDialog$Builder: int themeId
androidx.constraintlayout.widget.R$styleable: int MockView_mock_labelBackgroundColor
com.google.android.material.R$attr: int tabTextAppearance
androidx.appcompat.R$attr: int dialogCornerRadius
androidx.appcompat.R$style: int Base_V7_Widget_AppCompat_Toolbar
androidx.core.R$styleable: int GradientColor_android_startY
androidx.appcompat.R$style: int ThemeOverlay_AppCompat_DayNight_ActionBar
androidx.recyclerview.widget.RecyclerView: androidx.recyclerview.widget.RecyclerView$ItemAnimator mItemAnimator
androidx.constraintlayout.widget.R$styleable: int KeyTimeCycle_wavePeriod
androidx.appcompat.R$styleable: int AppCompatTheme_editTextStyle
com.google.android.material.R$style: int Theme_MaterialComponents_Light_NoActionBar_Bridge
androidx.constraintlayout.widget.R$styleable: int TextAppearance_android_textColor
androidx.appcompat.R$styleable: int PopupWindow_android_popupBackground
androidx.appcompat.widget.ActionBarOverlayLayout: void setActionBarVisibilityCallback(androidx.appcompat.widget.ActionBarOverlayLayout$ActionBarVisibilityCallback)
com.google.android.material.R$attr: int cornerFamilyTopLeft
androidx.constraintlayout.widget.R$styleable: int MenuItem_tooltipText
androidx.recyclerview.widget.RecyclerView: android.view.ViewGroup$LayoutParams generateLayoutParams(android.view.ViewGroup$LayoutParams)
com.google.android.material.R$string: int error_icon_content_description
com.google.android.material.R$id: int largeLabel
androidx.appcompat.R$attr: int contentInsetEnd
androidx.lifecycle.Lifecycling$1
androidx.vectordrawable.graphics.drawable.VectorDrawableCompat$VFullPath: float getTrimPathStart()
com.google.android.material.R$styleable: int LinearLayoutCompat_divider
androidx.swiperefreshlayout.widget.SwipeRefreshLayout: void setEnabled(boolean)
androidx.appcompat.resources.R$styleable: int AnimatedStateListDrawableCompat_android_dither
com.google.android.material.R$style: int Base_Widget_AppCompat_Toolbar
androidx.appcompat.R$styleable: int DrawerArrowToggle_thickness
com.google.android.gms.internal.ads.zzdgz: int zzdj
com.yarolegovich.slidingrootnav.R$string: int abc_searchview_description_submit
com.google.android.material.chip.Chip: float getTextEndPadding()
com.google.android.material.R$style: int TextAppearance_AppCompat_Small_Inverse
com.google.android.material.R$id: int search_bar
com.google.android.material.R$style: int Theme_MaterialComponents_Light_NoActionBar
com.google.firebase.database.connection.Connection$State: com.google.firebase.database.connection.Connection$State valueOf(java.lang.String)
com.google.android.gms.internal.ads.zzwr$zza: com.google.android.gms.internal.ads.zzwr$zzl zzbzk
androidx.recyclerview.widget.RecyclerView: void clearOnScrollListeners()
com.yarolegovich.lovelydialog.R$id: int ld_cb_dont_show_again
com.google.android.material.R$attr: int materialCalendarHeaderLayout
androidx.appcompat.R$styleable: int Toolbar_titleMarginStart
androidx.constraintlayout.widget.R$styleable: int AppCompatSeekBar_android_thumb
com.google.android.gms.ads.AdView: com.google.android.gms.ads.AdSize getAdSize()
com.google.android.material.R$styleable: int TextInputLayout_startIconTint
com.google.android.gms.common.server.response.FastSafeParcelableJsonResponse
androidx.constraintlayout.widget.R$styleable: int Constraint_android_visibility
com.google.android.material.R$attr: int seekBarStyle
com.google.android.gms.internal.ads.zzbp$zza: long zzfl
com.google.android.material.R$style: int TextAppearance_AppCompat_Widget_Switch
androidx.appcompat.R$dimen: int abc_button_padding_horizontal_material
com.google.android.material.R$styleable: int Toolbar_subtitle
androidx.appcompat.R$string: int abc_activity_chooser_view_see_all
androidx.constraintlayout.widget.R$id: int action_context_bar