app/mapping.txt
# compiler: R8
# compiler_version: 1.5.64
# min_api: 21
# pg_map_id: fd8661f
com.abhikr.abhikr.Appstatus -> uk.co.depotnetoptions.sse.lh:
    com.abhikr.abhikr.Appstatus instance -> c
    android.net.ConnectivityManager connectivityManager -> a
    android.content.Context context -> d
    boolean connected -> b
    com.abhikr.abhikr.Appstatus getInstance(android.content.Context) -> a
    boolean isOnline() -> a
com.abhikr.abhikr.BaseActivity -> com.abhikr.abhikr.BaseActivity:
    android.app.ProgressDialog mProgressDialog -> u
    void hideProgressDialog() -> x
com.abhikr.abhikr.EXP -> com.abhikr.abhikr.EXP:
    android.app.ProgressDialog pg -> g
    androidx.appcompat.widget.AppCompatImageView abhikr -> e
    com.abhikr.abhikr.ExpandableLayout expandableLayout1 -> d
    com.google.firebase.auth.FirebaseAuth firebaseAuth -> i
    android.app.AlertDialog spotsdialog -> k
    android.webkit.WebView abhi -> f
    androidx.appcompat.widget.AppCompatTextView expend_button -> h
    com.abhikr.abhikr.ExpandableLayout expandableLayout0 -> c
    com.google.firebase.auth.FirebaseUser user -> j
    android.app.AlertDialog access$000(com.abhikr.abhikr.EXP) -> a
com.abhikr.abhikr.EXP$1 -> com.abhikr.abhikr.EXP$a:
    com.abhikr.abhikr.EXP this$0 -> c
com.abhikr.abhikr.EXP$2 -> com.abhikr.abhikr.EXP$b:
    void onExpansionUpdate(float,int) -> a
com.abhikr.abhikr.EXP$3 -> com.abhikr.abhikr.EXP$c:
    void onExpansionUpdate(float,int) -> a
com.abhikr.abhikr.EXP$abhikr1 -> com.abhikr.abhikr.EXP$d:
    com.abhikr.abhikr.EXP this$0 -> a
com.abhikr.abhikr.ExpandableLayout -> com.abhikr.abhikr.ExpandableLayout:
    android.animation.ValueAnimator animator -> i
    float expansion -> e
    float parallax -> d
    int orientation -> f
    int state -> g
    com.abhikr.abhikr.ExpandableLayout$OnExpansionUpdateListener listener -> j
    int duration -> c
    android.view.animation.Interpolator interpolator -> h
    void access$000(com.abhikr.abhikr.ExpandableLayout,float) -> a
    int access$102(com.abhikr.abhikr.ExpandableLayout,int) -> a
    void animateSize(int) -> a
    void collapse() -> a
    void collapse(boolean) -> a
    void expand() -> b
    void expand(boolean) -> b
    boolean isExpanded() -> c
com.abhikr.abhikr.ExpandableLayout$1 -> com.abhikr.abhikr.ExpandableLayout$a:
    com.abhikr.abhikr.ExpandableLayout this$0 -> a
com.abhikr.abhikr.ExpandableLayout$ExpansionListener -> com.abhikr.abhikr.ExpandableLayout$b:
    com.abhikr.abhikr.ExpandableLayout this$0 -> c
    boolean canceled -> b
    int targetExpansion -> a
com.abhikr.abhikr.ExpandableLayout$OnExpansionUpdateListener -> com.abhikr.abhikr.ExpandableLayout$c:
    void onExpansionUpdate(float,int) -> a
com.abhikr.abhikr.Fire_Push.ActivitySendPushNotification -> com.abhikr.abhikr.Fire_Push.ActivitySendPushNotification:
    android.app.ProgressDialog progressDialog -> x
    android.widget.EditText editTextMessage -> z
    android.widget.EditText editTextTitle -> y
    android.widget.Spinner spinner -> w
    java.util.List devices -> C
    android.widget.RadioGroup radioGroup -> v
    android.widget.Button buttonSendPush -> u
    android.widget.EditText editTextImage -> A
    boolean isSendAllChecked -> B
    void sendSinglePush() -> A
    android.app.ProgressDialog access$000(com.abhikr.abhikr.Fire_Push.ActivitySendPushNotification) -> a
    java.util.List access$100(com.abhikr.abhikr.Fire_Push.ActivitySendPushNotification) -> b
    android.widget.Spinner access$200(com.abhikr.abhikr.Fire_Push.ActivitySendPushNotification) -> c
    void loadRegisteredDevices() -> x
    void sendMultiplePush() -> y
    void sendPush() -> z
com.abhikr.abhikr.Fire_Push.ActivitySendPushNotification$1 -> com.abhikr.abhikr.Fire_Push.ActivitySendPushNotification$a:
    com.abhikr.abhikr.Fire_Push.ActivitySendPushNotification this$0 -> a
    void onResponse(java.lang.Object) -> a
    void onResponse(java.lang.String) -> a
...
com.google.android.gms.internal.ads.zzdif -> uk.co.depotnetoptions.sse.vi2:
    java.lang.Object zza(int,java.lang.Object,java.lang.Object) -> a
    void zza(com.google.android.gms.internal.ads.zzdif,int) -> a
    void zza(com.google.android.gms.internal.ads.zzdif,com.google.android.gms.internal.ads.zzdmq) -> a
    void zzw(com.google.android.gms.internal.ads.zzdmq) -> a
    void setVersion(int) -> b
    com.google.android.gms.internal.ads.zzdif zzcx(com.google.android.gms.internal.ads.zzdmq) -> b
    int getVersion() -> m
    com.google.android.gms.internal.ads.zzdmq zzaoi() -> n
    com.google.android.gms.internal.ads.zzdif$zza zzaus() -> o
    com.google.android.gms.internal.ads.zzdif zzaut() -> p
com.google.android.gms.internal.ads.zzdif$zza -> uk.co.depotnetoptions.sse.vi2$a:
    com.google.android.gms.internal.ads.zzdif$zza zzcy(com.google.android.gms.internal.ads.zzdmq) -> a
    com.google.android.gms.internal.ads.zzdif$zza zzfe(int) -> a
com.google.android.gms.internal.ads.zzdig -> uk.co.depotnetoptions.sse.wi2:
    int[] zzdi -> a
com.google.android.gms.internal.ads.zzdj -> uk.co.depotnetoptions.sse.xi2:
    javax.crypto.Cipher zzwr -> a
    java.lang.Object zzws -> b
    java.lang.Object zzwt -> c
    javax.crypto.Cipher getCipher() -> a
    byte[] zza(byte[],java.lang.String) -> a
    byte[] zzan(java.lang.String) -> a
    java.lang.String zzb(byte[],byte[]) -> a
com.google.android.gms.internal.ads.zzdji -> uk.co.depotnetoptions.sse.yi2:
    int zzgxo -> b
    javax.crypto.spec.SecretKeySpec zzgxn -> a
    int zzgxp -> c
    byte[] zzo(byte[]) -> a
com.google.android.gms.internal.ads.zzdjj -> uk.co.depotnetoptions.sse.zi2:
    byte[] zzgxr -> b
    byte[] zzgxq -> a
    int zzgxs -> d
    javax.crypto.spec.SecretKeySpec zzgxn -> c
    byte[] zza(javax.crypto.Cipher,int,byte[],int,int) -> a
    byte[] zzc(byte[],byte[]) -> a
    byte[] zzp(byte[]) -> a
    byte[] zzd(byte[],byte[]) -> b
com.google.android.gms.internal.ads.zzdjl -> uk.co.depotnetoptions.sse.aj2:
    javax.crypto.SecretKey zzgxc -> a
    byte[] zzc(byte[],byte[]) -> a
    java.security.spec.AlgorithmParameterSpec zzf(byte[],int,int) -> a
com.google.android.gms.internal.ads.zzdjr -> uk.co.depotnetoptions.sse.bj2:
    void zza(java.nio.ByteBuffer,java.nio.ByteBuffer,java.nio.ByteBuffer,int) -> a
    byte[] zza(byte[][]) -> a
com.google.android.gms.internal.ads.zzdjs -> uk.co.depotnetoptions.sse.cj2:
    int zzauv() -> a
    int[] zzb(int[],int) -> a
com.google.android.gms.internal.ads.zzdjt -> uk.co.depotnetoptions.sse.dj2:
    int[] zzgye -> c
    int[] zzgyf -> a
    int zzgyg -> b
    int rotateLeft(int,int) -> a
    void zza(java.nio.ByteBuffer,byte[]) -> a
    void zza(int[],int,int,int,int) -> a
    void zza(int[],int[]) -> a
    int zzauv() -> a
    int[] zzb(int[],int) -> a
    java.nio.ByteBuffer zzc(byte[],int) -> a
    void zzc(int[]) -> a
    byte[] zzo(byte[]) -> a
    int[] zzr(byte[]) -> b
com.google.android.gms.internal.ads.zzdju -> uk.co.depotnetoptions.sse.ej2:
    com.google.android.gms.internal.ads.zzdjt zzd(byte[],int) -> a
com.google.android.gms.internal.ads.zzdjv -> uk.co.depotnetoptions.sse.fj2:
    com.google.android.gms.internal.ads.zzdjt zzgyh -> a
    com.google.android.gms.internal.ads.zzdjt zzgyi -> b
    byte[] zzc(byte[],byte[]) -> a
    com.google.android.gms.internal.ads.zzdjt zzd(byte[],int) -> a
com.google.android.gms.internal.ads.zzdjz -> uk.co.depotnetoptions.sse.gj2:
    int zzanz() -> a
    com.google.android.gms.internal.ads.zzdbi zzm(byte[]) -> a
com.google.android.gms.internal.ads.zzdk -> uk.co.depotnetoptions.sse.hj2:
com.google.android.gms.internal.ads.zzdka -> uk.co.depotnetoptions.sse.ij2: