app/unused.txt
com.abhikr.abhikr.R$drawable
com.abhikr.abhikr.menu.SimpleItem
    public com.abhikr.abhikr.menu.SimpleItem withIconTint(int)
com.abhikr.abhikr.SignIn
    private static final java.lang.String TAG
    private static final int RC_SIGN_IN
com.abhikr.abhikr.data.StaticConfig
    public void <init>()
com.abhikr.abhikr.R$anim
com.abhikr.abhikr.Fire_Push.SharedPrefManager
    private static final java.lang.String SHARED_PREF_NAME
    private static final java.lang.String TAG_TOKEN
com.abhikr.abhikr.data.FriendDB$FriendDBHelper
    static final int DATABASE_VERSION
    static final java.lang.String DATABASE_NAME
com.abhikr.abhikr.Fire_Push.EndPoints
com.abhikr.abhikr.R$mipmap
com.abhikr.abhikr.ui.ChatActivity
    public static final int VIEW_TYPE_USER_MESSAGE
    public static final int VIEW_TYPE_FRIEND_MESSAGE
com.abhikr.abhikr.service.FriendChatService
    public void stopNotify(java.lang.String)
com.abhikr.abhikr.R$dimen
com.abhikr.abhikr.data.FriendDB
    public void addListFriend(com.abhikr.abhikr.model.ListFriend)
    private static final java.lang.String TEXT_TYPE
    private static final java.lang.String COMMA_SEP
    private static final java.lang.String SQL_CREATE_ENTRIES
    private static final java.lang.String SQL_DELETE_ENTRIES
com.abhikr.abhikr.fragment.Address_location$2
com.abhikr.abhikr.service.ServiceUtils$2
com.abhikr.abhikr.ui.LoginActivity
    private static final int RC_SIGN_IN
com.abhikr.abhikr.Config
com.abhikr.abhikr.R$transition
com.abhikr.abhikr.BaseActivity
    public void showProgressDialog()
com.abhikr.abhikr.fragment.Address_location$1
com.abhikr.abhikr.R$bool
com.abhikr.abhikr.BuildConfig
com.abhikr.abhikr.fragment.CenteredTextFragment
    public static com.abhikr.abhikr.fragment.CenteredTextFragment createFor(java.lang.String)
    private static final java.lang.String EXTRA_TEXT
com.abhikr.abhikr.R$interpolator
com.abhikr.abhikr.R$animator
com.abhikr.abhikr.fragment.Success
com.abhikr.abhikr.ExpandableLayout$State
com.abhikr.abhikr.fragment.gerg_explist
com.abhikr.abhikr.data.GroupDB$GroupDBHelper
    static final int DATABASE_VERSION
    static final java.lang.String DATABASE_NAME
com.abhikr.abhikr.fragment.Address_location
com.abhikr.abhikr.fragment.ExpandableListAdapter
com.abhikr.abhikr.Exp_View$1
com.abhikr.abhikr.service.ServiceUtils
    public void <init>()
    public static void stopRoom(android.content.Context,java.lang.String)
com.abhikr.abhikr.R$layout
com.abhikr.abhikr.ImageHelper
    public void <init>()
    public static android.graphics.Bitmap getRoundedCornerBitmap1(android.graphics.Bitmap,int)
com.abhikr.abhikr.R$integer
com.abhikr.abhikr.fragment.HomeFragment
    private static final java.lang.String TAG
com.abhikr.abhikr.R$id
com.abhikr.abhikr.fragment.gerg_explist$5
com.abhikr.abhikr.GPlusFragment
    private android.widget.Button disconnectButton
    private android.widget.LinearLayout signOutView
    private static final java.lang.String TAG
com.abhikr.abhikr.R$attr
com.abhikr.abhikr.Exp_View$3
com.abhikr.abhikr.R$color
com.abhikr.abhikr.Appstatus
    android.net.NetworkInfo wifiInfo
    android.net.NetworkInfo mobileInfo
com.abhikr.abhikr.fragment.gerg_explist$4
com.abhikr.abhikr.SampleActivity
    private void showFragment(android.app.Fragment)
    private com.google.firebase.analytics.FirebaseAnalytics mFirebaseAnalytics
    private static final int POS_DASHBOARD
    private static final int POS_FRIENDS
    private static final int POS_GROUP
    private static final int POS_PROFILE
    private static final int POS_PUSHFCM
    private static final int POS_SHARE
    private static final int POS_LOGOUT
    private static final java.lang.String TAG
com.abhikr.abhikr.data.GroupDB$FeedEntry
com.abhikr.abhikr.Exp_View$2
com.abhikr.abhikr.R$xml
com.abhikr.abhikr.ui.FriendsFragment
    public static final java.lang.String ACTION_DELETE_FRIEND
...
androidx.recyclerview.R$style
com.google.android.gms.internal.location.zzc
androidx.transition.GhostViewImpl
com.google.android.gms.internal.firebase_auth.zzel
androidx.activity.R$style
androidx.constraintlayout.motion.widget.MotionLayout
    private void computeCurrentPositions()
    private void debugPos()
    private synthetic void lambda$onNestedPreScroll$0()
    public void loadLayoutDescription(int)
    public void transitionToState(int)
    public void transitionToState(int,int,int)
    public void getDebugMode(boolean)
    public androidx.constraintlayout.widget.ConstraintSet getConstraintSet(int)
    public void rebuildMotion()
    public void updateState(int,androidx.constraintlayout.widget.ConstraintSet)
    public void updateState()
    public androidx.constraintlayout.motion.widget.MotionScene$Transition getTransition(int)
    public static final int TOUCH_UP_COMPLETE
    public static final int TOUCH_UP_COMPLETE_TO_START
    public static final int TOUCH_UP_COMPLETE_TO_END
    public static final int TOUCH_UP_STOP
    public static final int TOUCH_UP_DECELERATE
    public static final int TOUCH_UP_DECELERATE_AND_COMPLETE
    static final java.lang.String TAG
    private static final boolean DEBUG
    private static final boolean PREVENT_SCROLL_CALLS
    public static final int DEBUG_SHOW_NONE
    public static final int DEBUG_SHOW_PROGRESS
    public static final int DEBUG_SHOW_PATH
    static final int MAX_KEY_FRAMES
    public static final int VELOCITY_POST_LAYOUT
    public static final int VELOCITY_LAYOUT
    public static final int VELOCITY_STATIC_POST_LAYOUT
    public static final int VELOCITY_STATIC_LAYOUT
com.google.android.gms.internal.measurement.zzbo
com.google.android.material.expandable.ExpandableTransformationWidget
    public abstract int getExpandedComponentIdHint()
    public abstract void setExpandedComponentIdHint(int)
com.google.android.gms.internal.ads.zzabv
androidx.transition.ChangeTransform$3
androidx.core.view.accessibility.AccessibilityManagerCompat$TouchExplorationStateChangeListenerWrapper
com.google.android.gms.internal.location.zzt
androidx.core.content.res.ColorStateListInflaterCompat
    private void <init>()
io.fabric.sdk.android.services.network.CertificateChainCleaner
    private void <init>()
androidx.constraintlayout.motion.utils.HyperSpline$Cubic
com.google.android.gms.internal.ads.zzany
androidx.transition.FragmentTransitionSupport$4
    public android.graphics.Rect onGetEpicenter(androidx.transition.Transition)
androidx.drawerlayout.widget.DrawerLayout$SimpleDrawerListener
androidx.core.database.DatabaseUtilsCompat
com.google.android.material.appbar.AppBarLayout$Behavior
    public synthetic bridge void setDragCallback(com.google.android.material.appbar.AppBarLayout$BaseBehavior$BaseDragCallback)
    public synthetic bridge boolean isHorizontalOffsetEnabled()
    public synthetic bridge void setHorizontalOffsetEnabled(boolean)
    public synthetic bridge boolean isVerticalOffsetEnabled()
    public synthetic bridge void setVerticalOffsetEnabled(boolean)
    public synthetic bridge int getLeftAndRightOffset()
    public synthetic bridge boolean setLeftAndRightOffset(int)
com.crashlytics.android.core.ByteString$1
com.google.android.material.appbar.ViewUtilsLollipop
    void <init>()
androidx.viewpager2.adapter.FragmentViewHolder
    private void <init>(android.widget.FrameLayout)
    static androidx.viewpager2.adapter.FragmentViewHolder create(android.view.ViewGroup)
com.google.android.gms.common.api.internal.TaskApiCall$Builder
    public com.google.android.gms.common.api.internal.TaskApiCall$Builder execute(com.google.android.gms.common.util.BiConsumer)
com.google.android.gms.internal.location.zzak
androidx.appcompat.view.menu.ListMenuPresenter
    int getItemIndexOffset()
    public void setItemIndexOffset(int)
    public void setId(int)
    private static final java.lang.String TAG
    public static final java.lang.String VIEWS_TAG